22:39:41 **** Incremental Build of configuration Debug for project uart_transmiter ****
make all 
Building file: ../main.c
Invoking: AVR Compiler
avr-gcc -Wall -g2 -gstabs -O0 -fpack-struct -fshort-enums -ffunction-sections -fdata-sections -std=gnu99 -funsigned-char -funsigned-bitfields -mmcu=atmega32 -DF_CPU=8000000UL -MMD -MP -MF"main.d" -MT"main.o" -c -o "main.o" "../main.c"
In file included from ../main.c:16:
c:/winavr-20100110/lib/gcc/../../avr/include/util/delay.h:90:3: warning: #warning "Compiler optimizations disabled; functions from <util/delay.h> won't work as designed"
Finished building: ../main.c
 
Building target: uart_transmiter.elf
Invoking: AVR C Linker
avr-gcc -Wl,-Map,uart_transmiter.map -mmcu=atmega32 -o "uart_transmiter.elf"  ./main.o ./reg_file.o ./uart.o ./uart_cfg.o   
Finished building target: uart_transmiter.elf
 
Invoking: AVR Create Extended Listing
avr-objdump -h -S uart_transmiter.elf  >"uart_transmiter.lss"
Finished building: uart_transmiter.lss
 
Create Flash image (ihex format)
avr-objcopy -R .eeprom -R .fuse -R .lock -R .signature -O ihex uart_transmiter.elf  "uart_transmiter.hex"
Finished building: uart_transmiter.hex
 
Invoking: Print Size
avr-size --format=avr --mcu=atmega32 uart_transmiter.elf
AVR Memory Usage
----------------
Device: atmega32

Program:    6438 bytes (19.6% Full)
(.text + .data + .bootloader)

Data:         22 bytes (1.1% Full)
(.data + .bss + .noinit)


Finished building: sizedummy
 

22:39:42 Build Finished. 0 errors, 1 warnings. (took 793ms)

